!SESSION 2015-09-24 16:19:16.422 -----------------------------------------------
eclipse.buildId=unknown
java.version=1.8.0_60
java.vendor=Oracle Corporation
BootLoader constants: OS=macosx, ARCH=x86_64, WS=cocoa, NL=en_US
Framework arguments:  -keyring /Users/saulotoshi/.eclipse_keyring -showlocation
Command-line arguments:  -os macosx -ws cocoa -arch x86_64 -data @none -keyring /Users/saulotoshi/.eclipse_keyring -showlocation

!ENTRY org.eclipse.core.net 1 0 2015-09-24 16:19:20.438
!MESSAGE System property http.nonProxyHosts has been set to local|*.local|169.254/16|*.169.254/16 by an external source. This value will be overwritten using the values from the preferences

!ENTRY org.eclipse.equinox.p2.transport.ecf 2 0 2015-09-24 16:23:05.144
!MESSAGE Connection to http://eclipse.c3sl.ufpr.br/releases/mars/201506241002/features/org.eclipse.emf.common_2.11.0.v20150512-0501.jar failed on No route to host. Retry attempt 0 started
!STACK 0
java.net.ConnectException: No route to host
	at java.net.PlainSocketImpl.socketConnect(Native Method)
	at java.net.AbstractPlainSocketImpl.doConnect(AbstractPlainSocketImpl.java:350)
	at java.net.AbstractPlainSocketImpl.connectToAddress(AbstractPlainSocketImpl.java:206)
	at java.net.AbstractPlainSocketImpl.connect(AbstractPlainSocketImpl.java:188)
	at java.net.SocksSocketImpl.connect(SocksSocketImpl.java:392)
	at java.net.Socket.connect(Socket.java:589)
	at org.eclipse.ecf.internal.provider.filetransfer.httpclient4.ECFHttpClientProtocolSocketFactory.connectSocket(ECFHttpClientProtocolSocketFactory.java:84)
	at org.apache.http.impl.conn.DefaultClientConnectionOperator.openConnection(DefaultClientConnectionOperator.java:177)
	at org.apache.http.impl.conn.AbstractPoolEntry.open(AbstractPoolEntry.java:144)
	at org.apache.http.impl.conn.AbstractPooledConnAdapter.open(AbstractPooledConnAdapter.java:131)
	at org.apache.http.impl.client.DefaultRequestDirector.tryConnect(DefaultRequestDirector.java:611)
	at org.apache.http.impl.client.DefaultRequestDirector.execute(DefaultRequestDirector.java:446)
	at org.apache.http.impl.client.AbstractHttpClient.doExecute(AbstractHttpClient.java:863)
	at org.apache.http.impl.client.CloseableHttpClient.execute(CloseableHttpClient.java:82)
	at org.eclipse.ecf.provider.filetransfer.httpclient4.HttpClientRetrieveFileTransfer.performConnect(HttpClientRetrieveFileTransfer.java:1077)
	at org.eclipse.ecf.provider.filetransfer.httpclient4.HttpClientRetrieveFileTransfer.access$0(HttpClientRetrieveFileTransfer.java:1068)
	at org.eclipse.ecf.provider.filetransfer.httpclient4.HttpClientRetrieveFileTransfer$1.performFileTransfer(HttpClientRetrieveFileTransfer.java:1064)
	at org.eclipse.ecf.filetransfer.FileTransferJob.run(FileTransferJob.java:73)
	at org.eclipse.core.internal.jobs.Worker.run(Worker.java:55)

!ENTRY org.eclipse.equinox.p2.transport.ecf 2 0 2015-09-24 16:23:07.628
!MESSAGE Connection to http://eclipse.c3sl.ufpr.br/releases/mars/201506241002/plugins/org.eclipse.emf.databinding_1.3.0.v20150601-0402.jar.pack.gz failed on No route to host. Retry attempt 0 started
!STACK 0
java.net.ConnectException: No route to host
	at java.net.PlainSocketImpl.socketConnect(Native Method)
	at java.net.AbstractPlainSocketImpl.doConnect(AbstractPlainSocketImpl.java:350)
	at java.net.AbstractPlainSocketImpl.connectToAddress(AbstractPlainSocketImpl.java:206)
	at java.net.AbstractPlainSocketImpl.connect(AbstractPlainSocketImpl.java:188)
	at java.net.SocksSocketImpl.connect(SocksSocketImpl.java:392)
	at java.net.Socket.connect(Socket.java:589)
	at org.eclipse.ecf.internal.provider.filetransfer.httpclient4.ECFHttpClientProtocolSocketFactory.connectSocket(ECFHttpClientProtocolSocketFactory.java:84)
	at org.apache.http.impl.conn.DefaultClientConnectionOperator.openConnection(DefaultClientConnectionOperator.java:177)
	at org.apache.http.impl.conn.AbstractPoolEntry.open(AbstractPoolEntry.java:144)
	at org.apache.http.impl.conn.AbstractPooledConnAdapter.open(AbstractPooledConnAdapter.java:131)
	at org.apache.http.impl.client.DefaultRequestDirector.tryConnect(DefaultRequestDirector.java:611)
	at org.apache.http.impl.client.DefaultRequestDirector.execute(DefaultRequestDirector.java:446)
	at org.apache.http.impl.client.AbstractHttpClient.doExecute(AbstractHttpClient.java:863)
	at org.apache.http.impl.client.CloseableHttpClient.execute(CloseableHttpClient.java:82)
	at org.eclipse.ecf.provider.filetransfer.httpclient4.HttpClientRetrieveFileTransfer.performConnect(HttpClientRetrieveFileTransfer.java:1077)
	at org.eclipse.ecf.provider.filetransfer.httpclient4.HttpClientRetrieveFileTransfer.access$0(HttpClientRetrieveFileTransfer.java:1068)
	at org.eclipse.ecf.provider.filetransfer.httpclient4.HttpClientRetrieveFileTransfer$1.performFileTransfer(HttpClientRetrieveFileTransfer.java:1064)
	at org.eclipse.ecf.filetransfer.FileTransferJob.run(FileTransferJob.java:73)
	at org.eclipse.core.internal.jobs.Worker.run(Worker.java:55)

!ENTRY org.eclipse.equinox.p2.transport.ecf 2 0 2015-09-24 16:23:19.400
!MESSAGE Connection to http://eclipse.c3sl.ufpr.br/releases/mars/201506241002/plugins/org.eclipse.emf.ecore.change_2.11.0.v20150512-0501.jar.pack.gz failed on No route to host. Retry attempt 0 started
!STACK 0
java.net.ConnectException: No route to host
	at java.net.PlainSocketImpl.socketConnect(Native Method)
	at java.net.AbstractPlainSocketImpl.doConnect(AbstractPlainSocketImpl.java:350)
	at java.net.AbstractPlainSocketImpl.connectToAddress(AbstractPlainSocketImpl.java:206)
	at java.net.AbstractPlainSocketImpl.connect(AbstractPlainSocketImpl.java:188)
	at java.net.SocksSocketImpl.connect(SocksSocketImpl.java:392)
	at java.net.Socket.connect(Socket.java:589)
	at org.eclipse.ecf.internal.provider.filetransfer.httpclient4.ECFHttpClientProtocolSocketFactory.connectSocket(ECFHttpClientProtocolSocketFactory.java:84)
	at org.apache.http.impl.conn.DefaultClientConnectionOperator.openConnection(DefaultClientConnectionOperator.java:177)
	at org.apache.http.impl.conn.AbstractPoolEntry.open(AbstractPoolEntry.java:144)
	at org.apache.http.impl.conn.AbstractPooledConnAdapter.open(AbstractPooledConnAdapter.java:131)
	at org.apache.http.impl.client.DefaultRequestDirector.tryConnect(DefaultRequestDirector.java:611)
	at org.apache.http.impl.client.DefaultRequestDirector.execute(DefaultRequestDirector.java:446)
	at org.apache.http.impl.client.AbstractHttpClient.doExecute(AbstractHttpClient.java:863)
	at org.apache.http.impl.client.CloseableHttpClient.execute(CloseableHttpClient.java:82)
	at org.eclipse.ecf.provider.filetransfer.httpclient4.HttpClientRetrieveFileTransfer.performConnect(HttpClientRetrieveFileTransfer.java:1077)
	at org.eclipse.ecf.provider.filetransfer.httpclient4.HttpClientRetrieveFileTransfer.access$0(HttpClientRetrieveFileTransfer.java:1068)
	at org.eclipse.ecf.provider.filetransfer.httpclient4.HttpClientRetrieveFileTransfer$1.performFileTransfer(HttpClientRetrieveFileTransfer.java:1064)
	at org.eclipse.ecf.filetransfer.FileTransferJob.run(FileTransferJob.java:73)
	at org.eclipse.core.internal.jobs.Worker.run(Worker.java:55)

!ENTRY org.eclipse.equinox.p2.transport.ecf 2 0 2015-09-24 16:23:48.912
!MESSAGE Connection to http://eclipse.c3sl.ufpr.br/releases/mars/201506241002/plugins/org.eclipse.emf.ecore.edit_2.9.0.v20150601-0402.jar.pack.gz failed on No route to host. Retry attempt 0 started
!STACK 0
java.net.ConnectException: No route to host
	at java.net.PlainSocketImpl.socketConnect(Native Method)
	at java.net.AbstractPlainSocketImpl.doConnect(AbstractPlainSocketImpl.java:350)
	at java.net.AbstractPlainSocketImpl.connectToAddress(AbstractPlainSocketImpl.java:206)
	at java.net.AbstractPlainSocketImpl.connect(AbstractPlainSocketImpl.java:188)
	at java.net.SocksSocketImpl.connect(SocksSocketImpl.java:392)
	at java.net.Socket.connect(Socket.java:589)
	at org.eclipse.ecf.internal.provider.filetransfer.httpclient4.ECFHttpClientProtocolSocketFactory.connectSocket(ECFHttpClientProtocolSocketFactory.java:84)
	at org.apache.http.impl.conn.DefaultClientConnectionOperator.openConnection(DefaultClientConnectionOperator.java:177)
	at org.apache.http.impl.conn.AbstractPoolEntry.open(AbstractPoolEntry.java:144)
	at org.apache.http.impl.conn.AbstractPooledConnAdapter.open(AbstractPooledConnAdapter.java:131)
	at org.apache.http.impl.client.DefaultRequestDirector.tryConnect(DefaultRequestDirector.java:611)
	at org.apache.http.impl.client.DefaultRequestDirector.execute(DefaultRequestDirector.java:446)
	at org.apache.http.impl.client.AbstractHttpClient.doExecute(AbstractHttpClient.java:863)
	at org.apache.http.impl.client.CloseableHttpClient.execute(CloseableHttpClient.java:82)
	at org.eclipse.ecf.provider.filetransfer.httpclient4.HttpClientRetrieveFileTransfer.performConnect(HttpClientRetrieveFileTransfer.java:1077)
	at org.eclipse.ecf.provider.filetransfer.httpclient4.HttpClientRetrieveFileTransfer.access$0(HttpClientRetrieveFileTransfer.java:1068)
	at org.eclipse.ecf.provider.filetransfer.httpclient4.HttpClientRetrieveFileTransfer$1.performFileTransfer(HttpClientRetrieveFileTransfer.java:1064)
	at org.eclipse.ecf.filetransfer.FileTransferJob.run(FileTransferJob.java:73)
	at org.eclipse.core.internal.jobs.Worker.run(Worker.java:55)

!ENTRY org.eclipse.equinox.p2.transport.ecf 2 0 2015-09-24 16:25:35.524
!MESSAGE Connection to http://eclipse.c3sl.ufpr.br/releases/mars/201506241002/features/org.eclipse.emf.common_2.11.0.v20150512-0501.jar failed on No route to host. Retry attempt 0 started
!STACK 0
java.net.ConnectException: No route to host
	at java.net.PlainSocketImpl.socketConnect(Native Method)
	at java.net.AbstractPlainSocketImpl.doConnect(AbstractPlainSocketImpl.java:350)
	at java.net.AbstractPlainSocketImpl.connectToAddress(AbstractPlainSocketImpl.java:206)
	at java.net.AbstractPlainSocketImpl.connect(AbstractPlainSocketImpl.java:188)
	at java.net.SocksSocketImpl.connect(SocksSocketImpl.java:392)
	at java.net.Socket.connect(Socket.java:589)
	at org.eclipse.ecf.internal.provider.filetransfer.httpclient4.ECFHttpClientProtocolSocketFactory.connectSocket(ECFHttpClientProtocolSocketFactory.java:84)
	at org.apache.http.impl.conn.DefaultClientConnectionOperator.openConnection(DefaultClientConnectionOperator.java:177)
	at org.apache.http.impl.conn.AbstractPoolEntry.open(AbstractPoolEntry.java:144)
	at org.apache.http.impl.conn.AbstractPooledConnAdapter.open(AbstractPooledConnAdapter.java:131)
	at org.apache.http.impl.client.DefaultRequestDirector.tryConnect(DefaultRequestDirector.java:611)
	at org.apache.http.impl.client.DefaultRequestDirector.execute(DefaultRequestDirector.java:446)
	at org.apache.http.impl.client.AbstractHttpClient.doExecute(AbstractHttpClient.java:863)
	at org.apache.http.impl.client.CloseableHttpClient.execute(CloseableHttpClient.java:82)
	at org.eclipse.ecf.provider.filetransfer.httpclient4.HttpClientRetrieveFileTransfer.performConnect(HttpClientRetrieveFileTransfer.java:1077)
	at org.eclipse.ecf.provider.filetransfer.httpclient4.HttpClientRetrieveFileTransfer.access$0(HttpClientRetrieveFileTransfer.java:1068)
	at org.eclipse.ecf.provider.filetransfer.httpclient4.HttpClientRetrieveFileTransfer$1.performFileTransfer(HttpClientRetrieveFileTransfer.java:1064)
	at org.eclipse.ecf.filetransfer.FileTransferJob.run(FileTransferJob.java:73)
	at org.eclipse.core.internal.jobs.Worker.run(Worker.java:55)

!ENTRY org.eclipse.equinox.p2.transport.ecf 2 0 2015-09-24 16:25:38.003
!MESSAGE Connection to http://eclipse.c3sl.ufpr.br/releases/mars/201506241002/plugins/org.eclipse.emf.databinding_1.3.0.v20150601-0402.jar.pack.gz failed on No route to host. Retry attempt 0 started
!STACK 0
java.net.ConnectException: No route to host
	at java.net.PlainSocketImpl.socketConnect(Native Method)
	at java.net.AbstractPlainSocketImpl.doConnect(AbstractPlainSocketImpl.java:350)
	at java.net.AbstractPlainSocketImpl.connectToAddress(AbstractPlainSocketImpl.java:206)
	at java.net.AbstractPlainSocketImpl.connect(AbstractPlainSocketImpl.java:188)
	at java.net.SocksSocketImpl.connect(SocksSocketImpl.java:392)
	at java.net.Socket.connect(Socket.java:589)
	at org.eclipse.ecf.internal.provider.filetransfer.httpclient4.ECFHttpClientProtocolSocketFactory.connectSocket(ECFHttpClientProtocolSocketFactory.java:84)
	at org.apache.http.impl.conn.DefaultClientConnectionOperator.openConnection(DefaultClientConnectionOperator.java:177)
	at org.apache.http.impl.conn.AbstractPoolEntry.open(AbstractPoolEntry.java:144)
	at org.apache.http.impl.conn.AbstractPooledConnAdapter.open(AbstractPooledConnAdapter.java:131)
	at org.apache.http.impl.client.DefaultRequestDirector.tryConnect(DefaultRequestDirector.java:611)
	at org.apache.http.impl.client.DefaultRequestDirector.execute(DefaultRequestDirector.java:446)
	at org.apache.http.impl.client.AbstractHttpClient.doExecute(AbstractHttpClient.java:863)
	at org.apache.http.impl.client.CloseableHttpClient.execute(CloseableHttpClient.java:82)
	at org.eclipse.ecf.provider.filetransfer.httpclient4.HttpClientRetrieveFileTransfer.performConnect(HttpClientRetrieveFileTransfer.java:1077)
	at org.eclipse.ecf.provider.filetransfer.httpclient4.HttpClientRetrieveFileTransfer.access$0(HttpClientRetrieveFileTransfer.java:1068)
	at org.eclipse.ecf.provider.filetransfer.httpclient4.HttpClientRetrieveFileTransfer$1.performFileTransfer(HttpClientRetrieveFileTransfer.java:1064)
	at org.eclipse.ecf.filetransfer.FileTransferJob.run(FileTransferJob.java:73)
	at org.eclipse.core.internal.jobs.Worker.run(Worker.java:55)

!ENTRY org.eclipse.equinox.p2.transport.ecf 2 0 2015-09-24 16:25:51.174
!MESSAGE Connection to http://eclipse.c3sl.ufpr.br/releases/mars/201506241002/plugins/org.eclipse.emf.ecore.xmi_2.11.0.v20150512-0501.jar.pack.gz failed on No route to host. Retry attempt 0 started
!STACK 0
java.net.ConnectException: No route to host
	at java.net.PlainSocketImpl.socketConnect(Native Method)
	at java.net.AbstractPlainSocketImpl.doConnect(AbstractPlainSocketImpl.java:350)
	at java.net.AbstractPlainSocketImpl.connectToAddress(AbstractPlainSocketImpl.java:206)
	at java.net.AbstractPlainSocketImpl.connect(AbstractPlainSocketImpl.java:188)
	at java.net.SocksSocketImpl.connect(SocksSocketImpl.java:392)
	at java.net.Socket.connect(Socket.java:589)
	at org.eclipse.ecf.internal.provider.filetransfer.httpclient4.ECFHttpClientProtocolSocketFactory.connectSocket(ECFHttpClientProtocolSocketFactory.java:84)
	at org.apache.http.impl.conn.DefaultClientConnectionOperator.openConnection(DefaultClientConnectionOperator.java:177)
	at org.apache.http.impl.conn.AbstractPoolEntry.open(AbstractPoolEntry.java:144)
	at org.apache.http.impl.conn.AbstractPooledConnAdapter.open(AbstractPooledConnAdapter.java:131)
	at org.apache.http.impl.client.DefaultRequestDirector.tryConnect(DefaultRequestDirector.java:611)
	at org.apache.http.impl.client.DefaultRequestDirector.execute(DefaultRequestDirector.java:446)
	at org.apache.http.impl.client.AbstractHttpClient.doExecute(AbstractHttpClient.java:863)
	at org.apache.http.impl.client.CloseableHttpClient.execute(CloseableHttpClient.java:82)
	at org.eclipse.ecf.provider.filetransfer.httpclient4.HttpClientRetrieveFileTransfer.performConnect(HttpClientRetrieveFileTransfer.java:1077)
	at org.eclipse.ecf.provider.filetransfer.httpclient4.HttpClientRetrieveFileTransfer.access$0(HttpClientRetrieveFileTransfer.java:1068)
	at org.eclipse.ecf.provider.filetransfer.httpclient4.HttpClientRetrieveFileTransfer$1.performFileTransfer(HttpClientRetrieveFileTransfer.java:1064)
	at org.eclipse.ecf.filetransfer.FileTransferJob.run(FileTransferJob.java:73)
	at org.eclipse.core.internal.jobs.Worker.run(Worker.java:55)

!ENTRY org.eclipse.equinox.p2.transport.ecf 2 0 2015-09-24 16:25:55.385
!MESSAGE Connection to http://eclipse.c3sl.ufpr.br/releases/mars/201506241002/plugins/org.eclipse.equinox.app_1.3.300.v20150423-1356.jar.pack.gz failed on eclipse.c3sl.ufpr.br. Retry attempt 0 started
!STACK 0
java.net.UnknownHostException: eclipse.c3sl.ufpr.br
	at java.net.InetAddress.getAllByName0(InetAddress.java:1280)
	at java.net.InetAddress.getAllByName(InetAddress.java:1192)
	at java.net.InetAddress.getAllByName(InetAddress.java:1126)
	at org.apache.http.impl.conn.SystemDefaultDnsResolver.resolve(SystemDefaultDnsResolver.java:44)
	at org.apache.http.impl.conn.DefaultClientConnectionOperator.resolveHostname(DefaultClientConnectionOperator.java:259)
	at org.apache.http.impl.conn.DefaultClientConnectionOperator.openConnection(DefaultClientConnectionOperator.java:159)
	at org.apache.http.impl.conn.AbstractPoolEntry.open(AbstractPoolEntry.java:144)
	at org.apache.http.impl.conn.AbstractPooledConnAdapter.open(AbstractPooledConnAdapter.java:131)
	at org.apache.http.impl.client.DefaultRequestDirector.tryConnect(DefaultRequestDirector.java:611)
	at org.apache.http.impl.client.DefaultRequestDirector.execute(DefaultRequestDirector.java:446)
	at org.apache.http.impl.client.AbstractHttpClient.doExecute(AbstractHttpClient.java:863)
	at org.apache.http.impl.client.CloseableHttpClient.execute(CloseableHttpClient.java:82)
	at org.eclipse.ecf.provider.filetransfer.httpclient4.HttpClientRetrieveFileTransfer.performConnect(HttpClientRetrieveFileTransfer.java:1077)
	at org.eclipse.ecf.provider.filetransfer.httpclient4.HttpClientRetrieveFileTransfer.access$0(HttpClientRetrieveFileTransfer.java:1068)
	at org.eclipse.ecf.provider.filetransfer.httpclient4.HttpClientRetrieveFileTransfer$1.performFileTransfer(HttpClientRetrieveFileTransfer.java:1064)
	at org.eclipse.ecf.filetransfer.FileTransferJob.run(FileTransferJob.java:73)
	at org.eclipse.core.internal.jobs.Worker.run(Worker.java:55)

!ENTRY org.eclipse.equinox.p2.transport.ecf 2 0 2015-09-24 16:25:56.633
!MESSAGE Connection to http://eclipse.c3sl.ufpr.br/releases/mars/201506241002/plugins/org.eclipse.equinox.bidi_0.10.0.v20130327-1442.jar.pack.gz failed on eclipse.c3sl.ufpr.br. Retry attempt 0 started
!STACK 0
java.net.UnknownHostException: eclipse.c3sl.ufpr.br
	at java.net.InetAddress.getAllByName0(InetAddress.java:1280)
	at java.net.InetAddress.getAllByName(InetAddress.java:1192)
	at java.net.InetAddress.getAllByName(InetAddress.java:1126)
	at org.apache.http.impl.conn.SystemDefaultDnsResolver.resolve(SystemDefaultDnsResolver.java:44)
	at org.apache.http.impl.conn.DefaultClientConnectionOperator.resolveHostname(DefaultClientConnectionOperator.java:259)
	at org.apache.http.impl.conn.DefaultClientConnectionOperator.openConnection(DefaultClientConnectionOperator.java:159)
	at org.apache.http.impl.conn.AbstractPoolEntry.open(AbstractPoolEntry.java:144)
	at org.apache.http.impl.conn.AbstractPooledConnAdapter.open(AbstractPooledConnAdapter.java:131)
	at org.apache.http.impl.client.DefaultRequestDirector.tryConnect(DefaultRequestDirector.java:611)
	at org.apache.http.impl.client.DefaultRequestDirector.execute(DefaultRequestDirector.java:446)
	at org.apache.http.impl.client.AbstractHttpClient.doExecute(AbstractHttpClient.java:863)
	at org.apache.http.impl.client.CloseableHttpClient.execute(CloseableHttpClient.java:82)
	at org.eclipse.ecf.provider.filetransfer.httpclient4.HttpClientRetrieveFileTransfer.performConnect(HttpClientRetrieveFileTransfer.java:1077)
	at org.eclipse.ecf.provider.filetransfer.httpclient4.HttpClientRetrieveFileTransfer.access$0(HttpClientRetrieveFileTransfer.java:1068)
	at org.eclipse.ecf.provider.filetransfer.httpclient4.HttpClientRetrieveFileTransfer$1.performFileTransfer(HttpClientRetrieveFileTransfer.java:1064)
	at org.eclipse.ecf.filetransfer.FileTransferJob.run(FileTransferJob.java:73)
	at org.eclipse.core.internal.jobs.Worker.run(Worker.java:55)

!ENTRY org.eclipse.equinox.p2.transport.ecf 2 0 2015-09-24 16:25:59.017
!MESSAGE Connection to http://eclipse.c3sl.ufpr.br/releases/mars/201506241002/plugins/org.eclipse.equinox.concurrent_1.1.0.v20130327-1442.jar.pack.gz failed on eclipse.c3sl.ufpr.br. Retry attempt 0 started
!STACK 0
java.net.UnknownHostException: eclipse.c3sl.ufpr.br
	at java.net.InetAddress.getAllByName0(InetAddress.java:1280)
	at java.net.InetAddress.getAllByName(InetAddress.java:1192)
	at java.net.InetAddress.getAllByName(InetAddress.java:1126)
	at org.apache.http.impl.conn.SystemDefaultDnsResolver.resolve(SystemDefaultDnsResolver.java:44)
	at org.apache.http.impl.conn.DefaultClientConnectionOperator.resolveHostname(DefaultClientConnectionOperator.java:259)
	at org.apache.http.impl.conn.DefaultClientConnectionOperator.openConnection(DefaultClientConnectionOperator.java:159)
	at org.apache.http.impl.conn.AbstractPoolEntry.open(AbstractPoolEntry.java:144)
	at org.apache.http.impl.conn.AbstractPooledConnAdapter.open(AbstractPooledConnAdapter.java:131)
	at org.apache.http.impl.client.DefaultRequestDirector.tryConnect(DefaultRequestDirector.java:611)
	at org.apache.http.impl.client.DefaultRequestDirector.execute(DefaultRequestDirector.java:446)
	at org.apache.http.impl.client.AbstractHttpClient.doExecute(AbstractHttpClient.java:863)
	at org.apache.http.impl.client.CloseableHttpClient.execute(CloseableHttpClient.java:82)
	at org.eclipse.ecf.provider.filetransfer.httpclient4.HttpClientRetrieveFileTransfer.performConnect(HttpClientRetrieveFileTransfer.java:1077)
	at org.eclipse.ecf.provider.filetransfer.httpclient4.HttpClientRetrieveFileTransfer.access$0(HttpClientRetrieveFileTransfer.java:1068)
	at org.eclipse.ecf.provider.filetransfer.httpclient4.HttpClientRetrieveFileTransfer$1.performFileTransfer(HttpClientRetrieveFileTransfer.java:1064)
	at org.eclipse.ecf.filetransfer.FileTransferJob.run(FileTransferJob.java:73)
	at org.eclipse.core.internal.jobs.Worker.run(Worker.java:55)

!ENTRY org.eclipse.equinox.p2.transport.ecf 2 0 2015-09-24 16:25:59.222
!MESSAGE Connection to http://eclipse.c3sl.ufpr.br/releases/mars/201506241002/plugins/org.eclipse.equinox.concurrent_1.1.0.v20130327-1442.jar.pack.gz failed on eclipse.c3sl.ufpr.br. Retry attempt 0 started
!STACK 0
java.net.UnknownHostException: eclipse.c3sl.ufpr.br
	at java.net.InetAddress.getAllByName0(InetAddress.java:1280)
	at java.net.InetAddress.getAllByName(InetAddress.java:1192)
	at java.net.InetAddress.getAllByName(InetAddress.java:1126)
	at org.apache.http.impl.conn.SystemDefaultDnsResolver.resolve(SystemDefaultDnsResolver.java:44)
	at org.apache.http.impl.conn.DefaultClientConnectionOperator.resolveHostname(DefaultClientConnectionOperator.java:259)
	at org.apache.http.impl.conn.DefaultClientConnectionOperator.openConnection(DefaultClientConnectionOperator.java:159)
	at org.apache.http.impl.conn.AbstractPoolEntry.open(AbstractPoolEntry.java:144)
	at org.apache.http.impl.conn.AbstractPooledConnAdapter.open(AbstractPooledConnAdapter.java:131)
	at org.apache.http.impl.client.DefaultRequestDirector.tryConnect(DefaultRequestDirector.java:611)
	at org.apache.http.impl.client.DefaultRequestDirector.execute(DefaultRequestDirector.java:446)
	at org.apache.http.impl.client.AbstractHttpClient.doExecute(AbstractHttpClient.java:863)
	at org.apache.http.impl.client.CloseableHttpClient.execute(CloseableHttpClient.java:82)
	at org.eclipse.ecf.provider.filetransfer.httpclient4.HttpClientRetrieveFileTransfer.performConnect(HttpClientRetrieveFileTransfer.java:1077)
	at org.eclipse.ecf.provider.filetransfer.httpclient4.HttpClientRetrieveFileTransfer.access$0(HttpClientRetrieveFileTransfer.java:1068)
	at org.eclipse.ecf.provider.filetransfer.httpclient4.HttpClientRetrieveFileTransfer$1.performFileTransfer(HttpClientRetrieveFileTransfer.java:1064)
	at org.eclipse.ecf.filetransfer.FileTransferJob.run(FileTransferJob.java:73)
	at org.eclipse.core.internal.jobs.Worker.run(Worker.java:55)

!ENTRY org.eclipse.equinox.p2.transport.ecf 2 0 2015-09-24 16:25:59.426
!MESSAGE Connection to http://eclipse.c3sl.ufpr.br/releases/mars/201506241002/plugins/org.eclipse.equinox.concurrent_1.1.0.v20130327-1442.jar.pack.gz failed on eclipse.c3sl.ufpr.br. Retry attempt 0 started
!STACK 0
java.net.UnknownHostException: eclipse.c3sl.ufpr.br
	at java.net.InetAddress.getAllByName0(InetAddress.java:1280)
	at java.net.InetAddress.getAllByName(InetAddress.java:1192)
	at java.net.InetAddress.getAllByName(InetAddress.java:1126)
	at org.apache.http.impl.conn.SystemDefaultDnsResolver.resolve(SystemDefaultDnsResolver.java:44)
	at org.apache.http.impl.conn.DefaultClientConnectionOperator.resolveHostname(DefaultClientConnectionOperator.java:259)
	at org.apache.http.impl.conn.DefaultClientConnectionOperator.openConnection(DefaultClientConnectionOperator.java:159)
	at org.apache.http.impl.conn.AbstractPoolEntry.open(AbstractPoolEntry.java:144)
	at org.apache.http.impl.conn.AbstractPooledConnAdapter.open(AbstractPooledConnAdapter.java:131)
	at org.apache.http.impl.client.DefaultRequestDirector.tryConnect(DefaultRequestDirector.java:611)
	at org.apache.http.impl.client.DefaultRequestDirector.execute(DefaultRequestDirector.java:446)
	at org.apache.http.impl.client.AbstractHttpClient.doExecute(AbstractHttpClient.java:863)
	at org.apache.http.impl.client.CloseableHttpClient.execute(CloseableHttpClient.java:82)
	at org.eclipse.ecf.provider.filetransfer.httpclient4.HttpClientRetrieveFileTransfer.performConnect(HttpClientRetrieveFileTransfer.java:1077)
	at org.eclipse.ecf.provider.filetransfer.httpclient4.HttpClientRetrieveFileTransfer.access$0(HttpClientRetrieveFileTransfer.java:1068)
	at org.eclipse.ecf.provider.filetransfer.httpclient4.HttpClientRetrieveFileTransfer$1.performFileTransfer(HttpClientRetrieveFileTransfer.java:1064)
	at org.eclipse.ecf.filetransfer.FileTransferJob.run(FileTransferJob.java:73)
	at org.eclipse.core.internal.jobs.Worker.run(Worker.java:55)

!ENTRY org.eclipse.equinox.p2.transport.ecf 2 0 2015-09-24 16:26:01.181
!MESSAGE Connection to http://eclipse.c3sl.ufpr.br/releases/mars/201506241002/plugins/org.eclipse.equinox.ds_1.4.300.v20150423-1356.jar.pack.gz failed on eclipse.c3sl.ufpr.br. Retry attempt 0 started
!STACK 0
java.net.UnknownHostException: eclipse.c3sl.ufpr.br
	at java.net.InetAddress.getAllByName0(InetAddress.java:1280)
	at java.net.InetAddress.getAllByName(InetAddress.java:1192)
	at java.net.InetAddress.getAllByName(InetAddress.java:1126)
	at org.apache.http.impl.conn.SystemDefaultDnsResolver.resolve(SystemDefaultDnsResolver.java:44)
	at org.apache.http.impl.conn.DefaultClientConnectionOperator.resolveHostname(DefaultClientConnectionOperator.java:259)
	at org.apache.http.impl.conn.DefaultClientConnectionOperator.openConnection(DefaultClientConnectionOperator.java:159)
	at org.apache.http.impl.conn.AbstractPoolEntry.open(AbstractPoolEntry.java:144)
	at org.apache.http.impl.conn.AbstractPooledConnAdapter.open(AbstractPooledConnAdapter.java:131)
	at org.apache.http.impl.client.DefaultRequestDirector.tryConnect(DefaultRequestDirector.java:611)
	at org.apache.http.impl.client.DefaultRequestDirector.execute(DefaultRequestDirector.java:446)
	at org.apache.http.impl.client.AbstractHttpClient.doExecute(AbstractHttpClient.java:863)
	at org.apache.http.impl.client.CloseableHttpClient.execute(CloseableHttpClient.java:82)
	at org.eclipse.ecf.provider.filetransfer.httpclient4.HttpClientRetrieveFileTransfer.performConnect(HttpClientRetrieveFileTransfer.java:1077)
	at org.eclipse.ecf.provider.filetransfer.httpclient4.HttpClientRetrieveFileTransfer.access$0(HttpClientRetrieveFileTransfer.java:1068)
	at org.eclipse.ecf.provider.filetransfer.httpclient4.HttpClientRetrieveFileTransfer$1.performFileTransfer(HttpClientRetrieveFileTransfer.java:1064)
	at org.eclipse.ecf.filetransfer.FileTransferJob.run(FileTransferJob.java:73)
	at org.eclipse.core.internal.jobs.Worker.run(Worker.java:55)

!ENTRY org.eclipse.equinox.p2.transport.ecf 2 0 2015-09-24 16:26:02.658
!MESSAGE Connection to http://eclipse.c3sl.ufpr.br/releases/mars/201506241002/plugins/org.eclipse.equinox.event_1.3.100.v20140115-1647.jar.pack.gz failed on eclipse.c3sl.ufpr.br: unknown error. Retry attempt 0 started
!STACK 0
java.net.UnknownHostException: eclipse.c3sl.ufpr.br: unknown error
	at java.net.Inet6AddressImpl.lookupAllHostAddr(Native Method)
	at java.net.InetAddress$2.lookupAllHostAddr(InetAddress.java:928)
	at java.net.InetAddress.getAddressesFromNameService(InetAddress.java:1323)
	at java.net.InetAddress.getAllByName0(InetAddress.java:1276)
	at java.net.InetAddress.getAllByName(InetAddress.java:1192)
	at java.net.InetAddress.getAllByName(InetAddress.java:1126)
	at org.apache.http.impl.conn.SystemDefaultDnsResolver.resolve(SystemDefaultDnsResolver.java:44)
	at org.apache.http.impl.conn.DefaultClientConnectionOperator.resolveHostname(DefaultClientConnectionOperator.java:259)
	at org.apache.http.impl.conn.DefaultClientConnectionOperator.openConnection(DefaultClientConnectionOperator.java:159)
	at org.apache.http.impl.conn.AbstractPoolEntry.open(AbstractPoolEntry.java:144)
	at org.apache.http.impl.conn.AbstractPooledConnAdapter.open(AbstractPooledConnAdapter.java:131)
	at org.apache.http.impl.client.DefaultRequestDirector.tryConnect(DefaultRequestDirector.java:611)
	at org.apache.http.impl.client.DefaultRequestDirector.execute(DefaultRequestDirector.java:446)
	at org.apache.http.impl.client.AbstractHttpClient.doExecute(AbstractHttpClient.java:863)
	at org.apache.http.impl.client.CloseableHttpClient.execute(CloseableHttpClient.java:82)
	at org.eclipse.ecf.provider.filetransfer.httpclient4.HttpClientRetrieveFileTransfer.performConnect(HttpClientRetrieveFileTransfer.java:1077)
	at org.eclipse.ecf.provider.filetransfer.httpclient4.HttpClientRetrieveFileTransfer.access$0(HttpClientRetrieveFileTransfer.java:1068)
	at org.eclipse.ecf.provider.filetransfer.httpclient4.HttpClientRetrieveFileTransfer$1.performFileTransfer(HttpClientRetrieveFileTransfer.java:1064)
	at org.eclipse.ecf.filetransfer.FileTransferJob.run(FileTransferJob.java:73)
	at org.eclipse.core.internal.jobs.Worker.run(Worker.java:55)

!ENTRY org.eclipse.equinox.p2.transport.ecf 2 0 2015-09-24 16:26:02.864
!MESSAGE Connection to http://eclipse.c3sl.ufpr.br/releases/mars/201506241002/plugins/org.eclipse.equinox.event_1.3.100.v20140115-1647.jar.pack.gz failed on eclipse.c3sl.ufpr.br. Retry attempt 0 started
!STACK 0
java.net.UnknownHostException: eclipse.c3sl.ufpr.br
	at java.net.InetAddress.getAllByName0(InetAddress.java:1280)
	at java.net.InetAddress.getAllByName(InetAddress.java:1192)
	at java.net.InetAddress.getAllByName(InetAddress.java:1126)
	at org.apache.http.impl.conn.SystemDefaultDnsResolver.resolve(SystemDefaultDnsResolver.java:44)
	at org.apache.http.impl.conn.DefaultClientConnectionOperator.resolveHostname(DefaultClientConnectionOperator.java:259)
	at org.apache.http.impl.conn.DefaultClientConnectionOperator.openConnection(DefaultClientConnectionOperator.java:159)
	at org.apache.http.impl.conn.AbstractPoolEntry.open(AbstractPoolEntry.java:144)
	at org.apache.http.impl.conn.AbstractPooledConnAdapter.open(AbstractPooledConnAdapter.java:131)
	at org.apache.http.impl.client.DefaultRequestDirector.tryConnect(DefaultRequestDirector.java:611)
	at org.apache.http.impl.client.DefaultRequestDirector.execute(DefaultRequestDirector.java:446)
	at org.apache.http.impl.client.AbstractHttpClient.doExecute(AbstractHttpClient.java:863)
	at org.apache.http.impl.client.CloseableHttpClient.execute(CloseableHttpClient.java:82)
	at org.eclipse.ecf.provider.filetransfer.httpclient4.HttpClientRetrieveFileTransfer.performConnect(HttpClientRetrieveFileTransfer.java:1077)
	at org.eclipse.ecf.provider.filetransfer.httpclient4.HttpClientRetrieveFileTransfer.access$0(HttpClientRetrieveFileTransfer.java:1068)
	at org.eclipse.ecf.provider.filetransfer.httpclient4.HttpClientRetrieveFileTransfer$1.performFileTransfer(HttpClientRetrieveFileTransfer.java:1064)
	at org.eclipse.ecf.filetransfer.FileTransferJob.run(FileTransferJob.java:73)
	at org.eclipse.core.internal.jobs.Worker.run(Worker.java:55)

!ENTRY org.eclipse.equinox.p2.transport.ecf 2 0 2015-09-24 16:26:03.068
!MESSAGE Connection to http://eclipse.c3sl.ufpr.br/releases/mars/201506241002/plugins/org.eclipse.equinox.event_1.3.100.v20140115-1647.jar.pack.gz failed on eclipse.c3sl.ufpr.br. Retry attempt 0 started
!STACK 0
java.net.UnknownHostException: eclipse.c3sl.ufpr.br
	at java.net.InetAddress.getAllByName0(InetAddress.java:1280)
	at java.net.InetAddress.getAllByName(InetAddress.java:1192)
	at java.net.InetAddress.getAllByName(InetAddress.java:1126)
	at org.apache.http.impl.conn.SystemDefaultDnsResolver.resolve(SystemDefaultDnsResolver.java:44)
	at org.apache.http.impl.conn.DefaultClientConnectionOperator.resolveHostname(DefaultClientConnectionOperator.java:259)
	at org.apache.http.impl.conn.DefaultClientConnectionOperator.openConnection(DefaultClientConnectionOperator.java:159)
	at org.apache.http.impl.conn.AbstractPoolEntry.open(AbstractPoolEntry.java:144)
	at org.apache.http.impl.conn.AbstractPooledConnAdapter.open(AbstractPooledConnAdapter.java:131)
	at org.apache.http.impl.client.DefaultRequestDirector.tryConnect(DefaultRequestDirector.java:611)
	at org.apache.http.impl.client.DefaultRequestDirector.execute(DefaultRequestDirector.java:446)
	at org.apache.http.impl.client.AbstractHttpClient.doExecute(AbstractHttpClient.java:863)
	at org.apache.http.impl.client.CloseableHttpClient.execute(CloseableHttpClient.java:82)
	at org.eclipse.ecf.provider.filetransfer.httpclient4.HttpClientRetrieveFileTransfer.performConnect(HttpClientRetrieveFileTransfer.java:1077)
	at org.eclipse.ecf.provider.filetransfer.httpclient4.HttpClientRetrieveFileTransfer.access$0(HttpClientRetrieveFileTransfer.java:1068)
	at org.eclipse.ecf.provider.filetransfer.httpclient4.HttpClientRetrieveFileTransfer$1.performFileTransfer(HttpClientRetrieveFileTransfer.java:1064)
	at org.eclipse.ecf.filetransfer.FileTransferJob.run(FileTransferJob.java:73)
	at org.eclipse.core.internal.jobs.Worker.run(Worker.java:55)

!ENTRY org.eclipse.equinox.p2.transport.ecf 2 0 2015-09-24 16:26:06.349
!MESSAGE Connection to http://eclipse.c3sl.ufpr.br/releases/mars/201506241002/plugins/org.eclipse.equinox.p2.artifact.repository_1.1.400.v20150513-2116.jar.pack.gz failed on eclipse.c3sl.ufpr.br. Retry attempt 0 started
!STACK 0
java.net.UnknownHostException: eclipse.c3sl.ufpr.br
	at java.net.InetAddress.getAllByName0(InetAddress.java:1280)
	at java.net.InetAddress.getAllByName(InetAddress.java:1192)
	at java.net.InetAddress.getAllByName(InetAddress.java:1126)
	at org.apache.http.impl.conn.SystemDefaultDnsResolver.resolve(SystemDefaultDnsResolver.java:44)
	at org.apache.http.impl.conn.DefaultClientConnectionOperator.resolveHostname(DefaultClientConnectionOperator.java:259)
	at org.apache.http.impl.conn.DefaultClientConnectionOperator.openConnection(DefaultClientConnectionOperator.java:159)
	at org.apache.http.impl.conn.AbstractPoolEntry.open(AbstractPoolEntry.java:144)
	at org.apache.http.impl.conn.AbstractPooledConnAdapter.open(AbstractPooledConnAdapter.java:131)
	at org.apache.http.impl.client.DefaultRequestDirector.tryConnect(DefaultRequestDirector.java:611)
	at org.apache.http.impl.client.DefaultRequestDirector.execute(DefaultRequestDirector.java:446)
	at org.apache.http.impl.client.AbstractHttpClient.doExecute(AbstractHttpClient.java:863)
	at org.apache.http.impl.client.CloseableHttpClient.execute(CloseableHttpClient.java:82)
	at org.eclipse.ecf.provider.filetransfer.httpclient4.HttpClientRetrieveFileTransfer.performConnect(HttpClientRetrieveFileTransfer.java:1077)
	at org.eclipse.ecf.provider.filetransfer.httpclient4.HttpClientRetrieveFileTransfer.access$0(HttpClientRetrieveFileTransfer.java:1068)
	at org.eclipse.ecf.provider.filetransfer.httpclient4.HttpClientRetrieveFileTransfer$1.performFileTransfer(HttpClientRetrieveFileTransfer.java:1064)
	at org.eclipse.ecf.filetransfer.FileTransferJob.run(FileTransferJob.java:73)
	at org.eclipse.core.internal.jobs.Worker.run(Worker.java:55)

!ENTRY org.eclipse.equinox.p2.transport.ecf 2 0 2015-09-24 16:26:07.353
!MESSAGE Connection to http://eclipse.c3sl.ufpr.br/releases/mars/201506241002/plugins/org.eclipse.equinox.p2.core_2.4.0.v20150527-1706.jar.pack.gz failed on eclipse.c3sl.ufpr.br. Retry attempt 0 started
!STACK 0
java.net.UnknownHostException: eclipse.c3sl.ufpr.br
	at java.net.InetAddress.getAllByName0(InetAddress.java:1280)
	at java.net.InetAddress.getAllByName(InetAddress.java:1192)
	at java.net.InetAddress.getAllByName(InetAddress.java:1126)
	at org.apache.http.impl.conn.SystemDefaultDnsResolver.resolve(SystemDefaultDnsResolver.java:44)
	at org.apache.http.impl.conn.DefaultClientConnectionOperator.resolveHostname(DefaultClientConnectionOperator.java:259)
	at org.apache.http.impl.conn.DefaultClientConnectionOperator.openConnection(DefaultClientConnectionOperator.java:159)
	at org.apache.http.impl.conn.AbstractPoolEntry.open(AbstractPoolEntry.java:144)
	at org.apache.http.impl.conn.AbstractPooledConnAdapter.open(AbstractPooledConnAdapter.java:131)
	at org.apache.http.impl.client.DefaultRequestDirector.tryConnect(DefaultRequestDirector.java:611)
	at org.apache.http.impl.client.DefaultRequestDirector.execute(DefaultRequestDirector.java:446)
	at org.apache.http.impl.client.AbstractHttpClient.doExecute(AbstractHttpClient.java:863)
	at org.apache.http.impl.client.CloseableHttpClient.execute(CloseableHttpClient.java:82)
	at org.eclipse.ecf.provider.filetransfer.httpclient4.HttpClientRetrieveFileTransfer.performConnect(HttpClientRetrieveFileTransfer.java:1077)
	at org.eclipse.ecf.provider.filetransfer.httpclient4.HttpClientRetrieveFileTransfer.access$0(HttpClientRetrieveFileTransfer.java:1068)
	at org.eclipse.ecf.provider.filetransfer.httpclient4.HttpClientRetrieveFileTransfer$1.performFileTransfer(HttpClientRetrieveFileTransfer.java:1064)
	at org.eclipse.ecf.filetransfer.FileTransferJob.run(FileTransferJob.java:73)
	at org.eclipse.core.internal.jobs.Worker.run(Worker.java:55)

!ENTRY org.eclipse.equinox.p2.transport.ecf 2 0 2015-09-24 16:26:08.247
!MESSAGE Connection to http://eclipse.c3sl.ufpr.br/releases/mars/201506241002/plugins/org.eclipse.equinox.p2.director.app_1.0.400.v20150423-1455.jar.pack.gz failed on eclipse.c3sl.ufpr.br. Retry attempt 0 started
!STACK 0
java.net.UnknownHostException: eclipse.c3sl.ufpr.br
	at java.net.InetAddress.getAllByName0(InetAddress.java:1280)
	at java.net.InetAddress.getAllByName(InetAddress.java:1192)
	at java.net.InetAddress.getAllByName(InetAddress.java:1126)
	at org.apache.http.impl.conn.SystemDefaultDnsResolver.resolve(SystemDefaultDnsResolver.java:44)
	at org.apache.http.impl.conn.DefaultClientConnectionOperator.resolveHostname(DefaultClientConnectionOperator.java:259)
	at org.apache.http.impl.conn.DefaultClientConnectionOperator.openConnection(DefaultClientConnectionOperator.java:159)
	at org.apache.http.impl.conn.AbstractPoolEntry.open(AbstractPoolEntry.java:144)
	at org.apache.http.impl.conn.AbstractPooledConnAdapter.open(AbstractPooledConnAdapter.java:131)
	at org.apache.http.impl.client.DefaultRequestDirector.tryConnect(DefaultRequestDirector.java:611)
	at org.apache.http.impl.client.DefaultRequestDirector.execute(DefaultRequestDirector.java:446)
	at org.apache.http.impl.client.AbstractHttpClient.doExecute(AbstractHttpClient.java:863)
	at org.apache.http.impl.client.CloseableHttpClient.execute(CloseableHttpClient.java:82)
	at org.eclipse.ecf.provider.filetransfer.httpclient4.HttpClientRetrieveFileTransfer.performConnect(HttpClientRetrieveFileTransfer.java:1077)
	at org.eclipse.ecf.provider.filetransfer.httpclient4.HttpClientRetrieveFileTransfer.access$0(HttpClientRetrieveFileTransfer.java:1068)
	at org.eclipse.ecf.provider.filetransfer.httpclient4.HttpClientRetrieveFileTransfer$1.performFileTransfer(HttpClientRetrieveFileTransfer.java:1064)
	at org.eclipse.ecf.filetransfer.FileTransferJob.run(FileTransferJob.java:73)
	at org.eclipse.core.internal.jobs.Worker.run(Worker.java:55)

!ENTRY org.eclipse.equinox.p2.transport.ecf 2 0 2015-09-24 16:26:08.989
!MESSAGE Connection to http://eclipse.c3sl.ufpr.br/releases/mars/201506241002/plugins/org.eclipse.equinox.p2.directorywatcher_1.1.100.v20150423-1455.jar.pack.gz failed on eclipse.c3sl.ufpr.br. Retry attempt 0 started
!STACK 0
java.net.UnknownHostException: eclipse.c3sl.ufpr.br
	at java.net.InetAddress.getAllByName0(InetAddress.java:1280)
	at java.net.InetAddress.getAllByName(InetAddress.java:1192)
	at java.net.InetAddress.getAllByName(InetAddress.java:1126)
	at org.apache.http.impl.conn.SystemDefaultDnsResolver.resolve(SystemDefaultDnsResolver.java:44)
	at org.apache.http.impl.conn.DefaultClientConnectionOperator.resolveHostname(DefaultClientConnectionOperator.java:259)
	at org.apache.http.impl.conn.DefaultClientConnectionOperator.openConnection(DefaultClientConnectionOperator.java:159)
	at org.apache.http.impl.conn.AbstractPoolEntry.open(AbstractPoolEntry.java:144)
	at org.apache.http.impl.conn.AbstractPooledConnAdapter.open(AbstractPooledConnAdapter.java:131)
	at org.apache.http.impl.client.DefaultRequestDirector.tryConnect(DefaultRequestDirector.java:611)
	at org.apache.http.impl.client.DefaultRequestDirector.execute(DefaultRequestDirector.java:446)
	at org.apache.http.impl.client.AbstractHttpClient.doExecute(AbstractHttpClient.java:863)
	at org.apache.http.impl.client.CloseableHttpClient.execute(CloseableHttpClient.java:82)
	at org.eclipse.ecf.provider.filetransfer.httpclient4.HttpClientRetrieveFileTransfer.performConnect(HttpClientRetrieveFileTransfer.java:1077)
	at org.eclipse.ecf.provider.filetransfer.httpclient4.HttpClientRetrieveFileTransfer.access$0(HttpClientRetrieveFileTransfer.java:1068)
	at org.eclipse.ecf.provider.filetransfer.httpclient4.HttpClientRetrieveFileTransfer$1.performFileTransfer(HttpClientRetrieveFileTransfer.java:1064)
	at org.eclipse.ecf.filetransfer.FileTransferJob.run(FileTransferJob.java:73)
	at org.eclipse.core.internal.jobs.Worker.run(Worker.java:55)

!ENTRY org.eclipse.equinox.p2.transport.ecf 2 0 2015-09-24 16:26:10.422
!MESSAGE Connection to http://eclipse.c3sl.ufpr.br/releases/mars/201506241002/plugins/org.eclipse.equinox.p2.engine_2.4.0.v20150511-1532.jar.pack.gz failed on eclipse.c3sl.ufpr.br. Retry attempt 0 started
!STACK 0
java.net.UnknownHostException: eclipse.c3sl.ufpr.br
	at java.net.InetAddress.getAllByName0(InetAddress.java:1280)
	at java.net.InetAddress.getAllByName(InetAddress.java:1192)
	at java.net.InetAddress.getAllByName(InetAddress.java:1126)
	at org.apache.http.impl.conn.SystemDefaultDnsResolver.resolve(SystemDefaultDnsResolver.java:44)
	at org.apache.http.impl.conn.DefaultClientConnectionOperator.resolveHostname(DefaultClientConnectionOperator.java:259)
	at org.apache.http.impl.conn.DefaultClientConnectionOperator.openConnection(DefaultClientConnectionOperator.java:159)
	at org.apache.http.impl.conn.AbstractPoolEntry.open(AbstractPoolEntry.java:144)
	at org.apache.http.impl.conn.AbstractPooledConnAdapter.open(AbstractPooledConnAdapter.java:131)
	at org.apache.http.impl.client.DefaultRequestDirector.tryConnect(DefaultRequestDirector.java:611)
	at org.apache.http.impl.client.DefaultRequestDirector.execute(DefaultRequestDirector.java:446)
	at org.apache.http.impl.client.AbstractHttpClient.doExecute(AbstractHttpClient.java:863)
	at org.apache.http.impl.client.CloseableHttpClient.execute(CloseableHttpClient.java:82)
	at org.eclipse.ecf.provider.filetransfer.httpclient4.HttpClientRetrieveFileTransfer.performConnect(HttpClientRetrieveFileTransfer.java:1077)
	at org.eclipse.ecf.provider.filetransfer.httpclient4.HttpClientRetrieveFileTransfer.access$0(HttpClientRetrieveFileTransfer.java:1068)
	at org.eclipse.ecf.provider.filetransfer.httpclient4.HttpClientRetrieveFileTransfer$1.performFileTransfer(HttpClientRetrieveFileTransfer.java:1064)
	at org.eclipse.ecf.filetransfer.FileTransferJob.run(FileTransferJob.java:73)
	at org.eclipse.core.internal.jobs.Worker.run(Worker.java:55)

!ENTRY org.eclipse.equinox.p2.transport.ecf 2 0 2015-09-24 16:26:14.264
!MESSAGE Connection to http://eclipse.c3sl.ufpr.br/releases/mars/201506241002/plugins/org.eclipse.equinox.p2.publisher_1.4.0.v20141117-0929.jar.pack.gz failed on eclipse.c3sl.ufpr.br: unknown error. Retry attempt 0 started
!STACK 0
java.net.UnknownHostException: eclipse.c3sl.ufpr.br: unknown error
	at java.net.Inet6AddressImpl.lookupAllHostAddr(Native Method)
	at java.net.InetAddress$2.lookupAllHostAddr(InetAddress.java:928)
	at java.net.InetAddress.getAddressesFromNameService(InetAddress.java:1323)
	at java.net.InetAddress.getAllByName0(InetAddress.java:1276)
	at java.net.InetAddress.getAllByName(InetAddress.java:1192)
	at java.net.InetAddress.getAllByName(InetAddress.java:1126)
	at org.apache.http.impl.conn.SystemDefaultDnsResolver.resolve(SystemDefaultDnsResolver.java:44)
	at org.apache.http.impl.conn.DefaultClientConnectionOperator.resolveHostname(DefaultClientConnectionOperator.java:259)
	at org.apache.http.impl.conn.DefaultClientConnectionOperator.openConnection(DefaultClientConnectionOperator.java:159)
	at org.apache.http.impl.conn.AbstractPoolEntry.open(AbstractPoolEntry.java:144)
	at org.apache.http.impl.conn.AbstractPooledConnAdapter.open(AbstractPooledConnAdapter.java:131)
	at org.apache.http.impl.client.DefaultRequestDirector.tryConnect(DefaultRequestDirector.java:611)
	at org.apache.http.impl.client.DefaultRequestDirector.execute(DefaultRequestDirector.java:446)
	at org.apache.http.impl.client.AbstractHttpClient.doExecute(AbstractHttpClient.java:863)
	at org.apache.http.impl.client.CloseableHttpClient.execute(CloseableHttpClient.java:82)
	at org.eclipse.ecf.provider.filetransfer.httpclient4.HttpClientRetrieveFileTransfer.performConnect(HttpClientRetrieveFileTransfer.java:1077)
	at org.eclipse.ecf.provider.filetransfer.httpclient4.HttpClientRetrieveFileTransfer.access$0(HttpClientRetrieveFileTransfer.java:1068)
	at org.eclipse.ecf.provider.filetransfer.httpclient4.HttpClientRetrieveFileTransfer$1.performFileTransfer(HttpClientRetrieveFileTransfer.java:1064)
	at org.eclipse.ecf.filetransfer.FileTransferJob.run(FileTransferJob.java:73)
	at org.eclipse.core.internal.jobs.Worker.run(Worker.java:55)

!ENTRY org.eclipse.equinox.p2.transport.ecf 2 0 2015-09-24 16:26:22.464
!MESSAGE Connection to http://eclipse.c3sl.ufpr.br/releases/mars/201506241002/plugins/org.eclipse.emf.edit.ui_2.11.0.v20150601-0402.jar.pack.gz failed on No route to host. Retry attempt 0 started
!STACK 0
java.net.ConnectException: No route to host
	at java.net.PlainSocketImpl.socketConnect(Native Method)
	at java.net.AbstractPlainSocketImpl.doConnect(AbstractPlainSocketImpl.java:350)
	at java.net.AbstractPlainSocketImpl.connectToAddress(AbstractPlainSocketImpl.java:206)
	at java.net.AbstractPlainSocketImpl.connect(AbstractPlainSocketImpl.java:188)
	at java.net.SocksSocketImpl.connect(SocksSocketImpl.java:392)
	at java.net.Socket.connect(Socket.java:589)
	at org.eclipse.ecf.internal.provider.filetransfer.httpclient4.ECFHttpClientProtocolSocketFactory.connectSocket(ECFHttpClientProtocolSocketFactory.java:84)
	at org.apache.http.impl.conn.DefaultClientConnectionOperator.openConnection(DefaultClientConnectionOperator.java:177)
	at org.apache.http.impl.conn.AbstractPoolEntry.open(AbstractPoolEntry.java:144)
	at org.apache.http.impl.conn.AbstractPooledConnAdapter.open(AbstractPooledConnAdapter.java:131)
	at org.apache.http.impl.client.DefaultRequestDirector.tryConnect(DefaultRequestDirector.java:611)
	at org.apache.http.impl.client.DefaultRequestDirector.execute(DefaultRequestDirector.java:446)
	at org.apache.http.impl.client.AbstractHttpClient.doExecute(AbstractHttpClient.java:863)
	at org.apache.http.impl.client.CloseableHttpClient.execute(CloseableHttpClient.java:82)
	at org.eclipse.ecf.provider.filetransfer.httpclient4.HttpClientRetrieveFileTransfer.performConnect(HttpClientRetrieveFileTransfer.java:1077)
	at org.eclipse.ecf.provider.filetransfer.httpclient4.HttpClientRetrieveFileTransfer.access$0(HttpClientRetrieveFileTransfer.java:1068)
	at org.eclipse.ecf.provider.filetransfer.httpclient4.HttpClientRetrieveFileTransfer$1.performFileTransfer(HttpClientRetrieveFileTransfer.java:1064)
	at org.eclipse.ecf.filetransfer.FileTransferJob.run(FileTransferJob.java:73)
	at org.eclipse.core.internal.jobs.Worker.run(Worker.java:55)
